time=2026-03-08T22:57:28.353+05:30 level=INFO msg=workflow package=watcher function=AddDir status=/home/coder/Program/intern-project-1 time=2026-03-08T17:27:28.353Z
time=2026-03-08T22:57:28.353+05:30 level=INFO msg=workflow package=watcher function=AddDir status=/home/coder/Program/intern-project-1/cmd time=2026-03-08T17:27:28.353Z
time=2026-03-08T22:57:28.353+05:30 level=INFO msg=workflow package=watcher function=AddDir status=/home/coder/Program/intern-project-1/cmd/hotreload time=2026-03-08T17:27:28.353Z
time=2026-03-08T22:57:28.353+05:30 level=INFO msg=workflow package=watcher function=AddDir status=/home/coder/Program/intern-project-1/internal time=2026-03-08T17:27:28.353Z
time=2026-03-08T22:57:28.353+05:30 level=INFO msg=workflow package=watcher function=AddDir status=/home/coder/Program/intern-project-1/internal/builder time=2026-03-08T17:27:28.353Z
time=2026-03-08T22:57:28.353+05:30 level=INFO msg=workflow package=watcher function=AddDir status=/home/coder/Program/intern-project-1/internal/cli time=2026-03-08T17:27:28.353Z
time=2026-03-08T22:57:28.353+05:30 level=INFO msg=workflow package=watcher function=AddDir status=/home/coder/Program/intern-project-1/internal/debounce time=2026-03-08T17:27:28.353Z
time=2026-03-08T22:57:28.353+05:30 level=INFO msg=workflow package=watcher function=AddDir status=/home/coder/Program/intern-project-1/internal/engine time=2026-03-08T17:27:28.353Z
time=2026-03-08T22:57:28.353+05:30 level=INFO msg=workflow package=watcher function=AddDir status=/home/coder/Program/intern-project-1/internal/filter time=2026-03-08T17:27:28.353Z
time=2026-03-08T22:57:28.353+05:30 level=INFO msg=workflow package=watcher function=AddDir status=/home/coder/Program/intern-project-1/internal/logging time=2026-03-08T17:27:28.353Z
time=2026-03-08T22:57:28.353+05:30 level=INFO msg=workflow package=watcher function=AddDir status=/home/coder/Program/intern-project-1/internal/runner time=2026-03-08T17:27:28.353Z
time=2026-03-08T22:57:28.353+05:30 level=INFO msg=workflow package=watcher function=AddDir status=/home/coder/Program/intern-project-1/internal/watcher time=2026-03-08T17:27:28.353Z
time=2026-03-08T22:57:28.353+05:30 level=INFO msg=workflow package=watcher function=AddDir status=/home/coder/Program/intern-project-1/scripts time=2026-03-08T17:27:28.353Z
time=2026-03-08T22:57:28.353+05:30 level=INFO msg=workflow package=watcher function=AddDir status=/home/coder/Program/intern-project-1/testserver time=2026-03-08T17:27:28.353Z
time=2026-03-08T22:57:28.353+05:30 level=INFO msg=workflow package=watcher function=New status=success time=2026-03-08T17:27:28.353Z
time=2026-03-08T22:57:28.353+05:30 level=INFO msg=workflow package=watcher function=Start status=started time=2026-03-08T17:27:28.353Z
time=2026-03-08T22:57:33.770+05:30 level=INFO msg=workflow package=watcher function=handleEvent status=triggered time=2026-03-08T17:27:33.770Z
time=2026-03-08T22:57:33.770+05:30 level=INFO msg=workflow package=watcher function=handleEvent status=triggered time=2026-03-08T17:27:33.770Z
time=2026-03-08T22:57:33.770+05:30 level=INFO msg=workflow package=watcher function=handleEvent status=triggered time=2026-03-08T17:27:33.770Z
time=2026-03-08T22:57:33.770+05:30 level=INFO msg=workflow package=watcher function=handleEvent status=triggered time=2026-03-08T17:27:33.770Z
time=2026-03-08T22:57:33.770+05:30 level=INFO msg=workflow package=watcher function=handleEvent status=triggered time=2026-03-08T17:27:33.770Z
time=2026-03-08T22:57:33.770+05:30 level=INFO msg=workflow package=watcher function=handleEvent status=triggered time=2026-03-08T17:27:33.770Z
time=2026-03-08T22:57:33.777+05:30 level=INFO msg=workflow package=watcher function=handleEvent status=triggered time=2026-03-08T17:27:33.777Z
