time=2026-03-08T22:59:33.799+05:30 level=INFO msg=workflow package=watcher function=AddDir status=/home/coder/Program/intern-project-1 time=2026-03-08T17:29:33.799Z
time=2026-03-08T22:59:33.799+05:30 level=INFO msg=workflow package=watcher function=AddDir status=/home/coder/Program/intern-project-1/cmd time=2026-03-08T17:29:33.799Z
time=2026-03-08T22:59:33.799+05:30 level=INFO msg=workflow package=watcher function=AddDir status=/home/coder/Program/intern-project-1/cmd/hotreload time=2026-03-08T17:29:33.799Z
time=2026-03-08T22:59:33.799+05:30 level=INFO msg=workflow package=watcher function=AddDir status=/home/coder/Program/intern-project-1/internal time=2026-03-08T17:29:33.799Z
time=2026-03-08T22:59:33.799+05:30 level=INFO msg=workflow package=watcher function=AddDir status=/home/coder/Program/intern-project-1/internal/builder time=2026-03-08T17:29:33.799Z
time=2026-03-08T22:59:33.799+05:30 level=INFO msg=workflow package=watcher function=AddDir status=/home/coder/Program/intern-project-1/internal/cli time=2026-03-08T17:29:33.799Z
time=2026-03-08T22:59:33.799+05:30 level=INFO msg=workflow package=watcher function=AddDir status=/home/coder/Program/intern-project-1/internal/debounce time=2026-03-08T17:29:33.799Z
time=2026-03-08T22:59:33.799+05:30 level=INFO msg=workflow package=watcher function=AddDir status=/home/coder/Program/intern-project-1/internal/engine time=2026-03-08T17:29:33.799Z
time=2026-03-08T22:59:33.799+05:30 level=INFO msg=workflow package=watcher function=AddDir status=/home/coder/Program/intern-project-1/internal/filter time=2026-03-08T17:29:33.799Z
time=2026-03-08T22:59:33.799+05:30 level=INFO msg=workflow package=watcher function=AddDir status=/home/coder/Program/intern-project-1/internal/logging time=2026-03-08T17:29:33.799Z
time=2026-03-08T22:59:33.799+05:30 level=INFO msg=workflow package=watcher function=AddDir status=/home/coder/Program/intern-project-1/internal/runner time=2026-03-08T17:29:33.799Z
time=2026-03-08T22:59:33.799+05:30 level=INFO msg=workflow package=watcher function=AddDir status=/home/coder/Program/intern-project-1/internal/watcher time=2026-03-08T17:29:33.799Z
time=2026-03-08T22:59:33.799+05:30 level=INFO msg=workflow package=watcher function=AddDir status=/home/coder/Program/intern-project-1/scripts time=2026-03-08T17:29:33.799Z
time=2026-03-08T22:59:33.799+05:30 level=INFO msg=workflow package=watcher function=AddDir status=/home/coder/Program/intern-project-1/testserver time=2026-03-08T17:29:33.799Z
time=2026-03-08T22:59:33.799+05:30 level=INFO msg=workflow package=watcher function=New status=success time=2026-03-08T17:29:33.799Z
time=2026-03-08T22:59:33.800+05:30 level=INFO msg=workflow package=watcher function=Start status=started time=2026-03-08T17:29:33.800Z
time=2026-03-08T22:59:42.086+05:30 level=INFO msg=workflow package=watcher function=handleEvent status=triggered time=2026-03-08T17:29:42.086Z
time=2026-03-08T22:59:42.086+05:30 level=INFO msg=workflow package=watcher function=handleEvent status=triggered time=2026-03-08T17:29:42.086Z
time=2026-03-08T22:59:42.086+05:30 level=INFO msg=workflow package=watcher function=handleEvent status=triggered time=2026-03-08T17:29:42.086Z
time=2026-03-08T22:59:42.086+05:30 level=INFO msg=workflow package=watcher function=handleEvent status=triggered time=2026-03-08T17:29:42.086Z
time=2026-03-08T22:59:42.086+05:30 level=INFO msg=workflow package=watcher function=handleEvent status=triggered time=2026-03-08T17:29:42.086Z
time=2026-03-08T22:59:42.086+05:30 level=INFO msg=workflow package=watcher function=handleEvent status=triggered time=2026-03-08T17:29:42.086Z
time=2026-03-08T22:59:42.093+05:30 level=INFO msg=workflow package=watcher function=handleEvent status=triggered time=2026-03-08T17:29:42.093Z
